<?xml version="1.0" encoding="UTF-8"?>
<testsuites>
  <testsuite name="/var/www/html/phpunit.xml.dist" tests="99" assertions="110" errors="0" failures="0" skipped="0" time="0.048708">
    <testsuite name="Unit" tests="99" assertions="110" errors="0" failures="0" skipped="0" time="0.048708">
      <testsuite name="Matthewbdaly\SMS\Tests\Unit\ClientTest" file="/var/www/html/tests/Unit/ClientTest.php" tests="4" assertions="7" errors="0" failures="0" skipped="0" time="0.001331">
        <testcase name="testIsInitializable" file="/var/www/html/tests/Unit/ClientTest.php" line="16" class="Matthewbdaly\SMS\Tests\Unit\ClientTest" classname="Matthewbdaly.SMS.Tests.Unit.ClientTest" assertions="1" time="0.000892"/>
        <testcase name="testImplementsInterface" file="/var/www/html/tests/Unit/ClientTest.php" line="23" class="Matthewbdaly\SMS\Tests\Unit\ClientTest" classname="Matthewbdaly.SMS.Tests.Unit.ClientTest" assertions="1" time="0.000089"/>
        <testcase name="testReturnsTheDriverName" file="/var/www/html/tests/Unit/ClientTest.php" line="30" class="Matthewbdaly\SMS\Tests\Unit\ClientTest" classname="Matthewbdaly.SMS.Tests.Unit.ClientTest" assertions="2" time="0.000232"/>
        <testcase name="testSendsAMessage" file="/var/www/html/tests/Unit/ClientTest.php" line="41" class="Matthewbdaly\SMS\Tests\Unit\ClientTest" classname="Matthewbdaly.SMS.Tests.Unit.ClientTest" assertions="3" time="0.000117"/>
      </testsuite>
      <testsuite name="Matthewbdaly\SMS\Tests\Unit\Drivers\AwsTest" file="/var/www/html/tests/Unit/Drivers/AwsTest.php" tests="7" assertions="9" errors="0" failures="0" skipped="0" time="0.035802">
        <testcase name="testIsInitializable" file="/var/www/html/tests/Unit/Drivers/AwsTest.php" line="18" class="Matthewbdaly\SMS\Tests\Unit\Drivers\AwsTest" classname="Matthewbdaly.SMS.Tests.Unit.Drivers.AwsTest" assertions="1" time="0.001306"/>
        <testcase name="testImplementsInterface" file="/var/www/html/tests/Unit/Drivers/AwsTest.php" line="31" class="Matthewbdaly\SMS\Tests\Unit\Drivers\AwsTest" classname="Matthewbdaly.SMS.Tests.Unit.Drivers.AwsTest" assertions="1" time="0.000107"/>
        <testcase name="testThrowsExceptionIfMisconfigured" file="/var/www/html/tests/Unit/Drivers/AwsTest.php" line="44" class="Matthewbdaly\SMS\Tests\Unit\Drivers\AwsTest" classname="Matthewbdaly.SMS.Tests.Unit.Drivers.AwsTest" assertions="1" time="0.000152"/>
        <testcase name="testReturnsDriverName" file="/var/www/html/tests/Unit/Drivers/AwsTest.php" line="51" class="Matthewbdaly\SMS\Tests\Unit\Drivers\AwsTest" classname="Matthewbdaly.SMS.Tests.Unit.Drivers.AwsTest" assertions="1" time="0.000064"/>
        <testcase name="testReturnsDriverEndpoint" file="/var/www/html/tests/Unit/Drivers/AwsTest.php" line="64" class="Matthewbdaly\SMS\Tests\Unit\Drivers\AwsTest" classname="Matthewbdaly.SMS.Tests.Unit.Drivers.AwsTest" assertions="1" time="0.000050"/>
        <testcase name="testCanBeConstructedWithConfigOnly" file="/var/www/html/tests/Unit/Drivers/AwsTest.php" line="77" class="Matthewbdaly\SMS\Tests\Unit\Drivers\AwsTest" classname="Matthewbdaly.SMS.Tests.Unit.Drivers.AwsTest" assertions="1" time="0.033920"/>
        <testcase name="testSendsTheRequest" file="/var/www/html/tests/Unit/Drivers/AwsTest.php" line="88" class="Matthewbdaly\SMS\Tests\Unit\Drivers\AwsTest" classname="Matthewbdaly.SMS.Tests.Unit.Drivers.AwsTest" assertions="3" time="0.000203"/>
      </testsuite>
      <testsuite name="Matthewbdaly\SMS\Tests\Unit\Drivers\ClockworkTest" file="/var/www/html/tests/Unit/Drivers/ClockworkTest.php" tests="10" assertions="10" errors="0" failures="0" skipped="0" time="0.004605">
        <testcase name="testIsInitializable" file="/var/www/html/tests/Unit/Drivers/ClockworkTest.php" line="39" class="Matthewbdaly\SMS\Tests\Unit\Drivers\ClockworkTest" classname="Matthewbdaly.SMS.Tests.Unit.Drivers.ClockworkTest" assertions="1" time="0.000955"/>
        <testcase name="testImplementsInterface" file="/var/www/html/tests/Unit/Drivers/ClockworkTest.php" line="47" class="Matthewbdaly\SMS\Tests\Unit\Drivers\ClockworkTest" classname="Matthewbdaly.SMS.Tests.Unit.Drivers.ClockworkTest" assertions="1" time="0.000073"/>
        <testcase name="testThrowsExceptionIfMisconfigured" file="/var/www/html/tests/Unit/Drivers/ClockworkTest.php" line="55" class="Matthewbdaly\SMS\Tests\Unit\Drivers\ClockworkTest" classname="Matthewbdaly.SMS.Tests.Unit.Drivers.ClockworkTest" assertions="1" time="0.000121"/>
        <testcase name="testReturnsTheDriverName" file="/var/www/html/tests/Unit/Drivers/ClockworkTest.php" line="63" class="Matthewbdaly\SMS\Tests\Unit\Drivers\ClockworkTest" classname="Matthewbdaly.SMS.Tests.Unit.Drivers.ClockworkTest" assertions="1" time="0.000083"/>
        <testcase name="testReturnsTheDriverEndpoint" file="/var/www/html/tests/Unit/Drivers/ClockworkTest.php" line="71" class="Matthewbdaly\SMS\Tests\Unit\Drivers\ClockworkTest" classname="Matthewbdaly.SMS.Tests.Unit.Drivers.ClockworkTest" assertions="1" time="0.000056"/>
        <testcase name="testSendsTheRequest" file="/var/www/html/tests/Unit/Drivers/ClockworkTest.php" line="79" class="Matthewbdaly\SMS\Tests\Unit\Drivers\ClockworkTest" classname="Matthewbdaly.SMS.Tests.Unit.Drivers.ClockworkTest" assertions="1" time="0.002094"/>
        <testcase name="testThrowsClientExceptionOn400" file="/var/www/html/tests/Unit/Drivers/ClockworkTest.php" line="95" class="Matthewbdaly\SMS\Tests\Unit\Drivers\ClockworkTest" classname="Matthewbdaly.SMS.Tests.Unit.Drivers.ClockworkTest" assertions="1" time="0.000572"/>
        <testcase name="testThrowsServerExceptionOn500" file="/var/www/html/tests/Unit/Drivers/ClockworkTest.php" line="112" class="Matthewbdaly\SMS\Tests\Unit\Drivers\ClockworkTest" classname="Matthewbdaly.SMS.Tests.Unit.Drivers.ClockworkTest" assertions="1" time="0.000196"/>
        <testcase name="testThrowsRequestException" file="/var/www/html/tests/Unit/Drivers/ClockworkTest.php" line="129" class="Matthewbdaly\SMS\Tests\Unit\Drivers\ClockworkTest" classname="Matthewbdaly.SMS.Tests.Unit.Drivers.ClockworkTest" assertions="1" time="0.000167"/>
        <testcase name="testThrowsConnectException" file="/var/www/html/tests/Unit/Drivers/ClockworkTest.php" line="146" class="Matthewbdaly\SMS\Tests\Unit\Drivers\ClockworkTest" classname="Matthewbdaly.SMS.Tests.Unit.Drivers.ClockworkTest" assertions="1" time="0.000288"/>
      </testsuite>
      <testsuite name="Matthewbdaly\SMS\Tests\Unit\Drivers\LogTest" file="/var/www/html/tests/Unit/Drivers/LogTest.php" tests="5" assertions="8" errors="0" failures="0" skipped="0" time="0.001140">
        <testcase name="testIsInitializable" file="/var/www/html/tests/Unit/Drivers/LogTest.php" line="16" class="Matthewbdaly\SMS\Tests\Unit\Drivers\LogTest" classname="Matthewbdaly.SMS.Tests.Unit.Drivers.LogTest" assertions="1" time="0.000584"/>
        <testcase name="testImplementsInterface" file="/var/www/html/tests/Unit/Drivers/LogTest.php" line="23" class="Matthewbdaly\SMS\Tests\Unit\Drivers\LogTest" classname="Matthewbdaly.SMS.Tests.Unit.Drivers.LogTest" assertions="1" time="0.000069"/>
        <testcase name="testReturnsTheDriverName" file="/var/www/html/tests/Unit/Drivers/LogTest.php" line="30" class="Matthewbdaly\SMS\Tests\Unit\Drivers\LogTest" classname="Matthewbdaly.SMS.Tests.Unit.Drivers.LogTest" assertions="1" time="0.000063"/>
        <testcase name="testReturnsTheDriverEndpoint" file="/var/www/html/tests/Unit/Drivers/LogTest.php" line="37" class="Matthewbdaly\SMS\Tests\Unit\Drivers\LogTest" classname="Matthewbdaly.SMS.Tests.Unit.Drivers.LogTest" assertions="1" time="0.000068"/>
        <testcase name="testSendsTheRequestAndLogs" file="/var/www/html/tests/Unit/Drivers/LogTest.php" line="44" class="Matthewbdaly\SMS\Tests\Unit\Drivers\LogTest" classname="Matthewbdaly.SMS.Tests.Unit.Drivers.LogTest" assertions="4" time="0.000356"/>
      </testsuite>
      <testsuite name="Matthewbdaly\SMS\Tests\Unit\Drivers\MailTest" file="/var/www/html/tests/Unit/Drivers/MailTest.php" tests="6" assertions="9" errors="0" failures="0" skipped="0" time="0.000895">
        <testcase name="testIsInitializable" file="/var/www/html/tests/Unit/Drivers/MailTest.php" line="17" class="Matthewbdaly\SMS\Tests\Unit\Drivers\MailTest" classname="Matthewbdaly.SMS.Tests.Unit.Drivers.MailTest" assertions="1" time="0.000241"/>
        <testcase name="testImplementsInterface" file="/var/www/html/tests/Unit/Drivers/MailTest.php" line="24" class="Matthewbdaly\SMS\Tests\Unit\Drivers\MailTest" classname="Matthewbdaly.SMS.Tests.Unit.Drivers.MailTest" assertions="1" time="0.000065"/>
        <testcase name="testThrowsExceptionIfMisconfigured" file="/var/www/html/tests/Unit/Drivers/MailTest.php" line="31" class="Matthewbdaly\SMS\Tests\Unit\Drivers\MailTest" classname="Matthewbdaly.SMS.Tests.Unit.Drivers.MailTest" assertions="1" time="0.000074"/>
        <testcase name="testReturnsTheDriverName" file="/var/www/html/tests/Unit/Drivers/MailTest.php" line="38" class="Matthewbdaly\SMS\Tests\Unit\Drivers\MailTest" classname="Matthewbdaly.SMS.Tests.Unit.Drivers.MailTest" assertions="1" time="0.000047"/>
        <testcase name="testReturnsTheDriverEndpoint" file="/var/www/html/tests/Unit/Drivers/MailTest.php" line="45" class="Matthewbdaly\SMS\Tests\Unit\Drivers\MailTest" classname="Matthewbdaly.SMS.Tests.Unit.Drivers.MailTest" assertions="1" time="0.000245"/>
        <testcase name="testSendsTheRequest" file="/var/www/html/tests/Unit/Drivers/MailTest.php" line="52" class="Matthewbdaly\SMS\Tests\Unit\Drivers\MailTest" classname="Matthewbdaly.SMS.Tests.Unit.Drivers.MailTest" assertions="4" time="0.000223"/>
      </testsuite>
      <testsuite name="Matthewbdaly\SMS\Tests\Unit\Drivers\NexmoTest" file="/var/www/html/tests/Unit/Drivers/NexmoTest.php" tests="11" assertions="11" errors="0" failures="0" skipped="0" time="0.001055">
        <testcase name="testIsInitializable" file="/var/www/html/tests/Unit/Drivers/NexmoTest.php" line="39" class="Matthewbdaly\SMS\Tests\Unit\Drivers\NexmoTest" classname="Matthewbdaly.SMS.Tests.Unit.Drivers.NexmoTest" assertions="1" time="0.000207"/>
        <testcase name="testImplementsInterface" file="/var/www/html/tests/Unit/Drivers/NexmoTest.php" line="47" class="Matthewbdaly\SMS\Tests\Unit\Drivers\NexmoTest" classname="Matthewbdaly.SMS.Tests.Unit.Drivers.NexmoTest" assertions="1" time="0.000061"/>
        <testcase name="testThrowsExceptionIfNoApiKey" file="/var/www/html/tests/Unit/Drivers/NexmoTest.php" line="55" class="Matthewbdaly\SMS\Tests\Unit\Drivers\NexmoTest" classname="Matthewbdaly.SMS.Tests.Unit.Drivers.NexmoTest" assertions="1" time="0.000091"/>
        <testcase name="testThrowsExceptionIfNoApiSecret" file="/var/www/html/tests/Unit/Drivers/NexmoTest.php" line="63" class="Matthewbdaly\SMS\Tests\Unit\Drivers\NexmoTest" classname="Matthewbdaly.SMS.Tests.Unit.Drivers.NexmoTest" assertions="1" time="0.000059"/>
        <testcase name="testReturnsTheDriverName" file="/var/www/html/tests/Unit/Drivers/NexmoTest.php" line="71" class="Matthewbdaly\SMS\Tests\Unit\Drivers\NexmoTest" classname="Matthewbdaly.SMS.Tests.Unit.Drivers.NexmoTest" assertions="1" time="0.000042"/>
        <testcase name="testReturnsTheDriverEndpoint" file="/var/www/html/tests/Unit/Drivers/NexmoTest.php" line="79" class="Matthewbdaly\SMS\Tests\Unit\Drivers\NexmoTest" classname="Matthewbdaly.SMS.Tests.Unit.Drivers.NexmoTest" assertions="1" time="0.000050"/>
        <testcase name="testSendsTheRequest" file="/var/www/html/tests/Unit/Drivers/NexmoTest.php" line="87" class="Matthewbdaly\SMS\Tests\Unit\Drivers\NexmoTest" classname="Matthewbdaly.SMS.Tests.Unit.Drivers.NexmoTest" assertions="1" time="0.000124"/>
        <testcase name="testThrowsClientExceptionOn400" file="/var/www/html/tests/Unit/Drivers/NexmoTest.php" line="108" class="Matthewbdaly\SMS\Tests\Unit\Drivers\NexmoTest" classname="Matthewbdaly.SMS.Tests.Unit.Drivers.NexmoTest" assertions="1" time="0.000137"/>
        <testcase name="testThrowsServerExceptionOn500" file="/var/www/html/tests/Unit/Drivers/NexmoTest.php" line="130" class="Matthewbdaly\SMS\Tests\Unit\Drivers\NexmoTest" classname="Matthewbdaly.SMS.Tests.Unit.Drivers.NexmoTest" assertions="1" time="0.000101"/>
        <testcase name="testThrowsRequestException" file="/var/www/html/tests/Unit/Drivers/NexmoTest.php" line="152" class="Matthewbdaly\SMS\Tests\Unit\Drivers\NexmoTest" classname="Matthewbdaly.SMS.Tests.Unit.Drivers.NexmoTest" assertions="1" time="0.000119"/>
        <testcase name="testThrowsConnectException" file="/var/www/html/tests/Unit/Drivers/NexmoTest.php" line="174" class="Matthewbdaly\SMS\Tests\Unit\Drivers\NexmoTest" classname="Matthewbdaly.SMS.Tests.Unit.Drivers.NexmoTest" assertions="1" time="0.000066"/>
      </testsuite>
      <testsuite name="Matthewbdaly\SMS\Tests\Unit\Drivers\NullDriverTest" file="/var/www/html/tests/Unit/Drivers/NullDriverTest.php" tests="5" assertions="5" errors="0" failures="0" skipped="0" time="0.000359">
        <testcase name="testIsInitializable" file="/var/www/html/tests/Unit/Drivers/NullDriverTest.php" line="22" class="Matthewbdaly\SMS\Tests\Unit\Drivers\NullDriverTest" classname="Matthewbdaly.SMS.Tests.Unit.Drivers.NullDriverTest" assertions="1" time="0.000140"/>
        <testcase name="testImplementsInterface" file="/var/www/html/tests/Unit/Drivers/NullDriverTest.php" line="30" class="Matthewbdaly\SMS\Tests\Unit\Drivers\NullDriverTest" classname="Matthewbdaly.SMS.Tests.Unit.Drivers.NullDriverTest" assertions="1" time="0.000043"/>
        <testcase name="testReturnsTheDriverName" file="/var/www/html/tests/Unit/Drivers/NullDriverTest.php" line="38" class="Matthewbdaly\SMS\Tests\Unit\Drivers\NullDriverTest" classname="Matthewbdaly.SMS.Tests.Unit.Drivers.NullDriverTest" assertions="1" time="0.000054"/>
        <testcase name="testReturnsTheDriverEndpoint" file="/var/www/html/tests/Unit/Drivers/NullDriverTest.php" line="46" class="Matthewbdaly\SMS\Tests\Unit\Drivers\NullDriverTest" classname="Matthewbdaly.SMS.Tests.Unit.Drivers.NullDriverTest" assertions="1" time="0.000051"/>
        <testcase name="testSendsTheRequest" file="/var/www/html/tests/Unit/Drivers/NullDriverTest.php" line="54" class="Matthewbdaly\SMS\Tests\Unit\Drivers\NullDriverTest" classname="Matthewbdaly.SMS.Tests.Unit.Drivers.NullDriverTest" assertions="1" time="0.000072"/>
      </testsuite>
      <testsuite name="Matthewbdaly\SMS\Tests\Unit\Drivers\O2SKTest" file="/var/www/html/tests/Unit/Drivers/O2SKTest.php" tests="10" assertions="10" errors="0" failures="0" skipped="0" time="0.000771">
        <testcase name="testIsInitializable" file="/var/www/html/tests/Unit/Drivers/O2SKTest.php" line="35" class="Matthewbdaly\SMS\Tests\Unit\Drivers\O2SKTest" classname="Matthewbdaly.SMS.Tests.Unit.Drivers.O2SKTest" assertions="1" time="0.000115"/>
        <testcase name="testImplementsInterface" file="/var/www/html/tests/Unit/Drivers/O2SKTest.php" line="42" class="Matthewbdaly\SMS\Tests\Unit\Drivers\O2SKTest" classname="Matthewbdaly.SMS.Tests.Unit.Drivers.O2SKTest" assertions="1" time="0.000038"/>
        <testcase name="testThrowsExceptionIfApiKeyMissing" file="/var/www/html/tests/Unit/Drivers/O2SKTest.php" line="49" class="Matthewbdaly\SMS\Tests\Unit\Drivers\O2SKTest" classname="Matthewbdaly.SMS.Tests.Unit.Drivers.O2SKTest" assertions="1" time="0.000051"/>
        <testcase name="testReturnsTheDriverName" file="/var/www/html/tests/Unit/Drivers/O2SKTest.php" line="56" class="Matthewbdaly\SMS\Tests\Unit\Drivers\O2SKTest" classname="Matthewbdaly.SMS.Tests.Unit.Drivers.O2SKTest" assertions="1" time="0.000059"/>
        <testcase name="testReturnsTheDriverEndpoint" file="/var/www/html/tests/Unit/Drivers/O2SKTest.php" line="63" class="Matthewbdaly\SMS\Tests\Unit\Drivers\O2SKTest" classname="Matthewbdaly.SMS.Tests.Unit.Drivers.O2SKTest" assertions="1" time="0.000049"/>
        <testcase name="testSendsTheRequest" file="/var/www/html/tests/Unit/Drivers/O2SKTest.php" line="70" class="Matthewbdaly\SMS\Tests\Unit\Drivers\O2SKTest" classname="Matthewbdaly.SMS.Tests.Unit.Drivers.O2SKTest" assertions="1" time="0.000096"/>
        <testcase name="testThrowsClientExceptionOn400" file="/var/www/html/tests/Unit/Drivers/O2SKTest.php" line="90" class="Matthewbdaly\SMS\Tests\Unit\Drivers\O2SKTest" classname="Matthewbdaly.SMS.Tests.Unit.Drivers.O2SKTest" assertions="1" time="0.000110"/>
        <testcase name="testThrowsServerExceptionOn500" file="/var/www/html/tests/Unit/Drivers/O2SKTest.php" line="111" class="Matthewbdaly\SMS\Tests\Unit\Drivers\O2SKTest" classname="Matthewbdaly.SMS.Tests.Unit.Drivers.O2SKTest" assertions="1" time="0.000107"/>
        <testcase name="testThrowsRequestException" file="/var/www/html/tests/Unit/Drivers/O2SKTest.php" line="132" class="Matthewbdaly\SMS\Tests\Unit\Drivers\O2SKTest" classname="Matthewbdaly.SMS.Tests.Unit.Drivers.O2SKTest" assertions="1" time="0.000070"/>
        <testcase name="testThrowsConnectException" file="/var/www/html/tests/Unit/Drivers/O2SKTest.php" line="153" class="Matthewbdaly\SMS\Tests\Unit\Drivers\O2SKTest" classname="Matthewbdaly.SMS.Tests.Unit.Drivers.O2SKTest" assertions="1" time="0.000075"/>
      </testsuite>
      <testsuite name="Matthewbdaly\SMS\Tests\Unit\Drivers\RequestBinTest" file="/var/www/html/tests/Unit/Drivers/RequestBinTest.php" tests="10" assertions="10" errors="0" failures="0" skipped="0" time="0.000671">
        <testcase name="testIsInitializable" file="/var/www/html/tests/Unit/Drivers/RequestBinTest.php" line="38" class="Matthewbdaly\SMS\Tests\Unit\Drivers\RequestBinTest" classname="Matthewbdaly.SMS.Tests.Unit.Drivers.RequestBinTest" assertions="1" time="0.000119"/>
        <testcase name="testImplementsInterface" file="/var/www/html/tests/Unit/Drivers/RequestBinTest.php" line="46" class="Matthewbdaly\SMS\Tests\Unit\Drivers\RequestBinTest" classname="Matthewbdaly.SMS.Tests.Unit.Drivers.RequestBinTest" assertions="1" time="0.000053"/>
        <testcase name="testThrowsExceptionIfMisconfigured" file="/var/www/html/tests/Unit/Drivers/RequestBinTest.php" line="54" class="Matthewbdaly\SMS\Tests\Unit\Drivers\RequestBinTest" classname="Matthewbdaly.SMS.Tests.Unit.Drivers.RequestBinTest" assertions="1" time="0.000054"/>
        <testcase name="testReturnsTheDriverName" file="/var/www/html/tests/Unit/Drivers/RequestBinTest.php" line="62" class="Matthewbdaly\SMS\Tests\Unit\Drivers\RequestBinTest" classname="Matthewbdaly.SMS.Tests.Unit.Drivers.RequestBinTest" assertions="1" time="0.000037"/>
        <testcase name="testReturnsTheDriverEndpoint" file="/var/www/html/tests/Unit/Drivers/RequestBinTest.php" line="70" class="Matthewbdaly\SMS\Tests\Unit\Drivers\RequestBinTest" classname="Matthewbdaly.SMS.Tests.Unit.Drivers.RequestBinTest" assertions="1" time="0.000038"/>
        <testcase name="testSendsTheRequest" file="/var/www/html/tests/Unit/Drivers/RequestBinTest.php" line="78" class="Matthewbdaly\SMS\Tests\Unit\Drivers\RequestBinTest" classname="Matthewbdaly.SMS.Tests.Unit.Drivers.RequestBinTest" assertions="1" time="0.000071"/>
        <testcase name="testThrowsClientExceptionOn400" file="/var/www/html/tests/Unit/Drivers/RequestBinTest.php" line="94" class="Matthewbdaly\SMS\Tests\Unit\Drivers\RequestBinTest" classname="Matthewbdaly.SMS.Tests.Unit.Drivers.RequestBinTest" assertions="1" time="0.000105"/>
        <testcase name="testThrowsServerExceptionOn500" file="/var/www/html/tests/Unit/Drivers/RequestBinTest.php" line="111" class="Matthewbdaly\SMS\Tests\Unit\Drivers\RequestBinTest" classname="Matthewbdaly.SMS.Tests.Unit.Drivers.RequestBinTest" assertions="1" time="0.000066"/>
        <testcase name="testThrowsRequestException" file="/var/www/html/tests/Unit/Drivers/RequestBinTest.php" line="128" class="Matthewbdaly\SMS\Tests\Unit\Drivers\RequestBinTest" classname="Matthewbdaly.SMS.Tests.Unit.Drivers.RequestBinTest" assertions="1" time="0.000071"/>
        <testcase name="testThrowsConnectException" file="/var/www/html/tests/Unit/Drivers/RequestBinTest.php" line="145" class="Matthewbdaly\SMS\Tests\Unit\Drivers\RequestBinTest" classname="Matthewbdaly.SMS.Tests.Unit.Drivers.RequestBinTest" assertions="1" time="0.000057"/>
      </testsuite>
      <testsuite name="Matthewbdaly\SMS\Tests\Unit\Drivers\TextLocalTest" file="/var/www/html/tests/Unit/Drivers/TextLocalTest.php" tests="10" assertions="10" errors="0" failures="0" skipped="0" time="0.000783">
        <testcase name="testIsInitializable" file="/var/www/html/tests/Unit/Drivers/TextLocalTest.php" line="38" class="Matthewbdaly\SMS\Tests\Unit\Drivers\TextLocalTest" classname="Matthewbdaly.SMS.Tests.Unit.Drivers.TextLocalTest" assertions="1" time="0.000116"/>
        <testcase name="testImplementsInterface" file="/var/www/html/tests/Unit/Drivers/TextLocalTest.php" line="46" class="Matthewbdaly\SMS\Tests\Unit\Drivers\TextLocalTest" classname="Matthewbdaly.SMS.Tests.Unit.Drivers.TextLocalTest" assertions="1" time="0.000054"/>
        <testcase name="testThrowsExceptionIfMisconfigured" file="/var/www/html/tests/Unit/Drivers/TextLocalTest.php" line="54" class="Matthewbdaly\SMS\Tests\Unit\Drivers\TextLocalTest" classname="Matthewbdaly.SMS.Tests.Unit.Drivers.TextLocalTest" assertions="1" time="0.000053"/>
        <testcase name="testReturnsTheDriverName" file="/var/www/html/tests/Unit/Drivers/TextLocalTest.php" line="62" class="Matthewbdaly\SMS\Tests\Unit\Drivers\TextLocalTest" classname="Matthewbdaly.SMS.Tests.Unit.Drivers.TextLocalTest" assertions="1" time="0.000064"/>
        <testcase name="testReturnsTheDriverEndpoint" file="/var/www/html/tests/Unit/Drivers/TextLocalTest.php" line="70" class="Matthewbdaly\SMS\Tests\Unit\Drivers\TextLocalTest" classname="Matthewbdaly.SMS.Tests.Unit.Drivers.TextLocalTest" assertions="1" time="0.000068"/>
        <testcase name="testSendsTheRequest" file="/var/www/html/tests/Unit/Drivers/TextLocalTest.php" line="78" class="Matthewbdaly\SMS\Tests\Unit\Drivers\TextLocalTest" classname="Matthewbdaly.SMS.Tests.Unit.Drivers.TextLocalTest" assertions="1" time="0.000087"/>
        <testcase name="testThrowsClientExceptionOn400" file="/var/www/html/tests/Unit/Drivers/TextLocalTest.php" line="98" class="Matthewbdaly\SMS\Tests\Unit\Drivers\TextLocalTest" classname="Matthewbdaly.SMS.Tests.Unit.Drivers.TextLocalTest" assertions="1" time="0.000064"/>
        <testcase name="testThrowsServerExceptionOn500" file="/var/www/html/tests/Unit/Drivers/TextLocalTest.php" line="119" class="Matthewbdaly\SMS\Tests\Unit\Drivers\TextLocalTest" classname="Matthewbdaly.SMS.Tests.Unit.Drivers.TextLocalTest" assertions="1" time="0.000093"/>
        <testcase name="testThrowsRequestException" file="/var/www/html/tests/Unit/Drivers/TextLocalTest.php" line="140" class="Matthewbdaly\SMS\Tests\Unit\Drivers\TextLocalTest" classname="Matthewbdaly.SMS.Tests.Unit.Drivers.TextLocalTest" assertions="1" time="0.000094"/>
        <testcase name="testThrowsConnectException" file="/var/www/html/tests/Unit/Drivers/TextLocalTest.php" line="161" class="Matthewbdaly\SMS\Tests\Unit\Drivers\TextLocalTest" classname="Matthewbdaly.SMS.Tests.Unit.Drivers.TextLocalTest" assertions="1" time="0.000088"/>
      </testsuite>
      <testsuite name="Matthewbdaly\SMS\Tests\Unit\Drivers\TwilioTest" file="/var/www/html/tests/Unit/Drivers/TwilioTest.php" tests="11" assertions="11" errors="0" failures="0" skipped="0" time="0.000805">
        <testcase name="testIsInitializable" file="/var/www/html/tests/Unit/Drivers/TwilioTest.php" line="39" class="Matthewbdaly\SMS\Tests\Unit\Drivers\TwilioTest" classname="Matthewbdaly.SMS.Tests.Unit.Drivers.TwilioTest" assertions="1" time="0.000125"/>
        <testcase name="testImplementsInterface" file="/var/www/html/tests/Unit/Drivers/TwilioTest.php" line="47" class="Matthewbdaly\SMS\Tests\Unit\Drivers\TwilioTest" classname="Matthewbdaly.SMS.Tests.Unit.Drivers.TwilioTest" assertions="1" time="0.000041"/>
        <testcase name="testThrowsExceptionIfAccountIdMissing" file="/var/www/html/tests/Unit/Drivers/TwilioTest.php" line="55" class="Matthewbdaly\SMS\Tests\Unit\Drivers\TwilioTest" classname="Matthewbdaly.SMS.Tests.Unit.Drivers.TwilioTest" assertions="1" time="0.000052"/>
        <testcase name="testThrowsExceptionIfApiTokenMissing" file="/var/www/html/tests/Unit/Drivers/TwilioTest.php" line="63" class="Matthewbdaly\SMS\Tests\Unit\Drivers\TwilioTest" classname="Matthewbdaly.SMS.Tests.Unit.Drivers.TwilioTest" assertions="1" time="0.000078"/>
        <testcase name="testReturnsTheDriverName" file="/var/www/html/tests/Unit/Drivers/TwilioTest.php" line="71" class="Matthewbdaly\SMS\Tests\Unit\Drivers\TwilioTest" classname="Matthewbdaly.SMS.Tests.Unit.Drivers.TwilioTest" assertions="1" time="0.000041"/>
        <testcase name="testReturnsTheDriverEndpoint" file="/var/www/html/tests/Unit/Drivers/TwilioTest.php" line="79" class="Matthewbdaly\SMS\Tests\Unit\Drivers\TwilioTest" classname="Matthewbdaly.SMS.Tests.Unit.Drivers.TwilioTest" assertions="1" time="0.000057"/>
        <testcase name="testSendsTheRequest" file="/var/www/html/tests/Unit/Drivers/TwilioTest.php" line="90" class="Matthewbdaly\SMS\Tests\Unit\Drivers\TwilioTest" classname="Matthewbdaly.SMS.Tests.Unit.Drivers.TwilioTest" assertions="1" time="0.000085"/>
        <testcase name="testThrowsClientExceptionOn400" file="/var/www/html/tests/Unit/Drivers/TwilioTest.php" line="111" class="Matthewbdaly\SMS\Tests\Unit\Drivers\TwilioTest" classname="Matthewbdaly.SMS.Tests.Unit.Drivers.TwilioTest" assertions="1" time="0.000104"/>
        <testcase name="testThrowsServerExceptionOn500" file="/var/www/html/tests/Unit/Drivers/TwilioTest.php" line="133" class="Matthewbdaly\SMS\Tests\Unit\Drivers\TwilioTest" classname="Matthewbdaly.SMS.Tests.Unit.Drivers.TwilioTest" assertions="1" time="0.000080"/>
        <testcase name="testThrowsRequestException" file="/var/www/html/tests/Unit/Drivers/TwilioTest.php" line="155" class="Matthewbdaly\SMS\Tests\Unit\Drivers\TwilioTest" classname="Matthewbdaly.SMS.Tests.Unit.Drivers.TwilioTest" assertions="1" time="0.000077"/>
        <testcase name="testThrowsConnectException" file="/var/www/html/tests/Unit/Drivers/TwilioTest.php" line="177" class="Matthewbdaly\SMS\Tests\Unit\Drivers\TwilioTest" classname="Matthewbdaly.SMS.Tests.Unit.Drivers.TwilioTest" assertions="1" time="0.000064"/>
      </testsuite>
      <testsuite name="Matthewbdaly\SMS\Tests\Unit\Exceptions\ClientExceptionTest" file="/var/www/html/tests/Unit/Exceptions/ClientExceptionTest.php" tests="2" assertions="2" errors="0" failures="0" skipped="0" time="0.000115">
        <testcase name="testIsInitializable" file="/var/www/html/tests/Unit/Exceptions/ClientExceptionTest.php" line="12" class="Matthewbdaly\SMS\Tests\Unit\Exceptions\ClientExceptionTest" classname="Matthewbdaly.SMS.Tests.Unit.Exceptions.ClientExceptionTest" assertions="1" time="0.000054"/>
        <testcase name="testIsThrowable" file="/var/www/html/tests/Unit/Exceptions/ClientExceptionTest.php" line="18" class="Matthewbdaly\SMS\Tests\Unit\Exceptions\ClientExceptionTest" classname="Matthewbdaly.SMS.Tests.Unit.Exceptions.ClientExceptionTest" assertions="1" time="0.000061"/>
      </testsuite>
      <testsuite name="Matthewbdaly\SMS\Tests\Unit\Exceptions\ConnectExceptionTest" file="/var/www/html/tests/Unit/Exceptions/ConnectExceptionTest.php" tests="2" assertions="2" errors="0" failures="0" skipped="0" time="0.000122">
        <testcase name="testIsInitializable" file="/var/www/html/tests/Unit/Exceptions/ConnectExceptionTest.php" line="12" class="Matthewbdaly\SMS\Tests\Unit\Exceptions\ConnectExceptionTest" classname="Matthewbdaly.SMS.Tests.Unit.Exceptions.ConnectExceptionTest" assertions="1" time="0.000037"/>
        <testcase name="testIsThrowable" file="/var/www/html/tests/Unit/Exceptions/ConnectExceptionTest.php" line="18" class="Matthewbdaly\SMS\Tests\Unit\Exceptions\ConnectExceptionTest" classname="Matthewbdaly.SMS.Tests.Unit.Exceptions.ConnectExceptionTest" assertions="1" time="0.000086"/>
      </testsuite>
      <testsuite name="Matthewbdaly\SMS\Tests\Unit\Exceptions\DriverNotConfiguredExceptionTest" file="/var/www/html/tests/Unit/Exceptions/DriverNotConfiguredExceptionTest.php" tests="2" assertions="2" errors="0" failures="0" skipped="0" time="0.000098">
        <testcase name="testIsInitializable" file="/var/www/html/tests/Unit/Exceptions/DriverNotConfiguredExceptionTest.php" line="12" class="Matthewbdaly\SMS\Tests\Unit\Exceptions\DriverNotConfiguredExceptionTest" classname="Matthewbdaly.SMS.Tests.Unit.Exceptions.DriverNotConfiguredExceptionTest" assertions="1" time="0.000064"/>
        <testcase name="testIsThrowable" file="/var/www/html/tests/Unit/Exceptions/DriverNotConfiguredExceptionTest.php" line="18" class="Matthewbdaly\SMS\Tests\Unit\Exceptions\DriverNotConfiguredExceptionTest" classname="Matthewbdaly.SMS.Tests.Unit.Exceptions.DriverNotConfiguredExceptionTest" assertions="1" time="0.000034"/>
      </testsuite>
      <testsuite name="Matthewbdaly\SMS\Tests\Unit\Exceptions\RequestExceptionTest" file="/var/www/html/tests/Unit/Exceptions/RequestExceptionTest.php" tests="2" assertions="2" errors="0" failures="0" skipped="0" time="0.000065">
        <testcase name="testIsInitializable" file="/var/www/html/tests/Unit/Exceptions/RequestExceptionTest.php" line="12" class="Matthewbdaly\SMS\Tests\Unit\Exceptions\RequestExceptionTest" classname="Matthewbdaly.SMS.Tests.Unit.Exceptions.RequestExceptionTest" assertions="1" time="0.000032"/>
        <testcase name="testIsThrowable" file="/var/www/html/tests/Unit/Exceptions/RequestExceptionTest.php" line="18" class="Matthewbdaly\SMS\Tests\Unit\Exceptions\RequestExceptionTest" classname="Matthewbdaly.SMS.Tests.Unit.Exceptions.RequestExceptionTest" assertions="1" time="0.000033"/>
      </testsuite>
      <testsuite name="Matthewbdaly\SMS\Tests\Unit\Exceptions\ServerExceptionTest" file="/var/www/html/tests/Unit/Exceptions/ServerExceptionTest.php" tests="2" assertions="2" errors="0" failures="0" skipped="0" time="0.000092">
        <testcase name="testIsInitializable" file="/var/www/html/tests/Unit/Exceptions/ServerExceptionTest.php" line="12" class="Matthewbdaly\SMS\Tests\Unit\Exceptions\ServerExceptionTest" classname="Matthewbdaly.SMS.Tests.Unit.Exceptions.ServerExceptionTest" assertions="1" time="0.000058"/>
        <testcase name="testIsThrowable" file="/var/www/html/tests/Unit/Exceptions/ServerExceptionTest.php" line="18" class="Matthewbdaly\SMS\Tests\Unit\Exceptions\ServerExceptionTest" classname="Matthewbdaly.SMS.Tests.Unit.Exceptions.ServerExceptionTest" assertions="1" time="0.000034"/>
      </testsuite>
    </testsuite>
  </testsuite>
</testsuites>
