<?xml version="1.0" encoding="UTF-8"?>
<testsuites>
  <testsuite name="/var/www/html/phpunit.xml.dist" tests="105" assertions="116" errors="0" failures="0" skipped="0" time="0.047821">
    <testsuite name="Unit" tests="105" assertions="116" errors="0" failures="0" skipped="0" time="0.047821">
      <testsuite name="DejwCake\SmsClient\Tests\Unit\ClientTest" file="/var/www/html/tests/Unit/ClientTest.php" tests="4" assertions="7" errors="0" failures="0" skipped="0" time="0.001249">
        <testcase name="testIsInitializable" file="/var/www/html/tests/Unit/ClientTest.php" line="16" class="DejwCake\SmsClient\Tests\Unit\ClientTest" classname="DejwCake.SmsClient.Tests.Unit.ClientTest" assertions="1" time="0.000870"/>
        <testcase name="testImplementsInterface" file="/var/www/html/tests/Unit/ClientTest.php" line="23" class="DejwCake\SmsClient\Tests\Unit\ClientTest" classname="DejwCake.SmsClient.Tests.Unit.ClientTest" assertions="1" time="0.000087"/>
        <testcase name="testReturnsTheDriverName" file="/var/www/html/tests/Unit/ClientTest.php" line="30" class="DejwCake\SmsClient\Tests\Unit\ClientTest" classname="DejwCake.SmsClient.Tests.Unit.ClientTest" assertions="2" time="0.000190"/>
        <testcase name="testSendsAMessage" file="/var/www/html/tests/Unit/ClientTest.php" line="41" class="DejwCake\SmsClient\Tests\Unit\ClientTest" classname="DejwCake.SmsClient.Tests.Unit.ClientTest" assertions="3" time="0.000103"/>
      </testsuite>
      <testsuite name="DejwCake\SmsClient\Tests\Unit\Drivers\AwsTest" file="/var/www/html/tests/Unit/Drivers/AwsTest.php" tests="7" assertions="9" errors="0" failures="0" skipped="0" time="0.035652">
        <testcase name="testIsInitializable" file="/var/www/html/tests/Unit/Drivers/AwsTest.php" line="18" class="DejwCake\SmsClient\Tests\Unit\Drivers\AwsTest" classname="DejwCake.SmsClient.Tests.Unit.Drivers.AwsTest" assertions="1" time="0.001291"/>
        <testcase name="testImplementsInterface" file="/var/www/html/tests/Unit/Drivers/AwsTest.php" line="31" class="DejwCake\SmsClient\Tests\Unit\Drivers\AwsTest" classname="DejwCake.SmsClient.Tests.Unit.Drivers.AwsTest" assertions="1" time="0.000087"/>
        <testcase name="testThrowsExceptionIfMisconfigured" file="/var/www/html/tests/Unit/Drivers/AwsTest.php" line="44" class="DejwCake\SmsClient\Tests\Unit\Drivers\AwsTest" classname="DejwCake.SmsClient.Tests.Unit.Drivers.AwsTest" assertions="1" time="0.000115"/>
        <testcase name="testReturnsDriverName" file="/var/www/html/tests/Unit/Drivers/AwsTest.php" line="51" class="DejwCake\SmsClient\Tests\Unit\Drivers\AwsTest" classname="DejwCake.SmsClient.Tests.Unit.Drivers.AwsTest" assertions="1" time="0.000075"/>
        <testcase name="testReturnsDriverEndpoint" file="/var/www/html/tests/Unit/Drivers/AwsTest.php" line="64" class="DejwCake\SmsClient\Tests\Unit\Drivers\AwsTest" classname="DejwCake.SmsClient.Tests.Unit.Drivers.AwsTest" assertions="1" time="0.000043"/>
        <testcase name="testCanBeConstructedWithConfigOnly" file="/var/www/html/tests/Unit/Drivers/AwsTest.php" line="77" class="DejwCake\SmsClient\Tests\Unit\Drivers\AwsTest" classname="DejwCake.SmsClient.Tests.Unit.Drivers.AwsTest" assertions="1" time="0.033883"/>
        <testcase name="testSendsTheRequest" file="/var/www/html/tests/Unit/Drivers/AwsTest.php" line="88" class="DejwCake\SmsClient\Tests\Unit\Drivers\AwsTest" classname="DejwCake.SmsClient.Tests.Unit.Drivers.AwsTest" assertions="3" time="0.000158"/>
      </testsuite>
      <testsuite name="DejwCake\SmsClient\Tests\Unit\Drivers\ClockworkTest" file="/var/www/html/tests/Unit/Drivers/ClockworkTest.php" tests="11" assertions="11" errors="0" failures="0" skipped="0" time="0.003869">
        <testcase name="testIsInitializable" file="/var/www/html/tests/Unit/Drivers/ClockworkTest.php" line="39" class="DejwCake\SmsClient\Tests\Unit\Drivers\ClockworkTest" classname="DejwCake.SmsClient.Tests.Unit.Drivers.ClockworkTest" assertions="1" time="0.000851"/>
        <testcase name="testImplementsInterface" file="/var/www/html/tests/Unit/Drivers/ClockworkTest.php" line="47" class="DejwCake\SmsClient\Tests\Unit\Drivers\ClockworkTest" classname="DejwCake.SmsClient.Tests.Unit.Drivers.ClockworkTest" assertions="1" time="0.000080"/>
        <testcase name="testThrowsExceptionIfMisconfigured" file="/var/www/html/tests/Unit/Drivers/ClockworkTest.php" line="55" class="DejwCake\SmsClient\Tests\Unit\Drivers\ClockworkTest" classname="DejwCake.SmsClient.Tests.Unit.Drivers.ClockworkTest" assertions="1" time="0.000083"/>
        <testcase name="testReturnsTheDriverName" file="/var/www/html/tests/Unit/Drivers/ClockworkTest.php" line="63" class="DejwCake\SmsClient\Tests\Unit\Drivers\ClockworkTest" classname="DejwCake.SmsClient.Tests.Unit.Drivers.ClockworkTest" assertions="1" time="0.000053"/>
        <testcase name="testReturnsTheDriverEndpoint" file="/var/www/html/tests/Unit/Drivers/ClockworkTest.php" line="71" class="DejwCake\SmsClient\Tests\Unit\Drivers\ClockworkTest" classname="DejwCake.SmsClient.Tests.Unit.Drivers.ClockworkTest" assertions="1" time="0.000048"/>
        <testcase name="testSendsTheRequest" file="/var/www/html/tests/Unit/Drivers/ClockworkTest.php" line="79" class="DejwCake\SmsClient\Tests\Unit\Drivers\ClockworkTest" classname="DejwCake.SmsClient.Tests.Unit.Drivers.ClockworkTest" assertions="1" time="0.001668"/>
        <testcase name="testThrowsClientExceptionOn400" file="/var/www/html/tests/Unit/Drivers/ClockworkTest.php" line="95" class="DejwCake\SmsClient\Tests\Unit\Drivers\ClockworkTest" classname="DejwCake.SmsClient.Tests.Unit.Drivers.ClockworkTest" assertions="1" time="0.000482"/>
        <testcase name="testThrowsServerExceptionOn500" file="/var/www/html/tests/Unit/Drivers/ClockworkTest.php" line="112" class="DejwCake\SmsClient\Tests\Unit\Drivers\ClockworkTest" classname="DejwCake.SmsClient.Tests.Unit.Drivers.ClockworkTest" assertions="1" time="0.000166"/>
        <testcase name="testThrowsRequestException" file="/var/www/html/tests/Unit/Drivers/ClockworkTest.php" line="129" class="DejwCake\SmsClient\Tests\Unit\Drivers\ClockworkTest" classname="DejwCake.SmsClient.Tests.Unit.Drivers.ClockworkTest" assertions="1" time="0.000143"/>
        <testcase name="testThrowsConnectException" file="/var/www/html/tests/Unit/Drivers/ClockworkTest.php" line="146" class="DejwCake\SmsClient\Tests\Unit\Drivers\ClockworkTest" classname="DejwCake.SmsClient.Tests.Unit.Drivers.ClockworkTest" assertions="1" time="0.000209"/>
        <testcase name="testEndpointCanBeOverriddenInConfig" file="/var/www/html/tests/Unit/Drivers/ClockworkTest.php" line="163" class="DejwCake\SmsClient\Tests\Unit\Drivers\ClockworkTest" classname="DejwCake.SmsClient.Tests.Unit.Drivers.ClockworkTest" assertions="1" time="0.000086"/>
      </testsuite>
      <testsuite name="DejwCake\SmsClient\Tests\Unit\Drivers\LogTest" file="/var/www/html/tests/Unit/Drivers/LogTest.php" tests="5" assertions="8" errors="0" failures="0" skipped="0" time="0.001092">
        <testcase name="testIsInitializable" file="/var/www/html/tests/Unit/Drivers/LogTest.php" line="16" class="DejwCake\SmsClient\Tests\Unit\Drivers\LogTest" classname="DejwCake.SmsClient.Tests.Unit.Drivers.LogTest" assertions="1" time="0.000575"/>
        <testcase name="testImplementsInterface" file="/var/www/html/tests/Unit/Drivers/LogTest.php" line="23" class="DejwCake\SmsClient\Tests\Unit\Drivers\LogTest" classname="DejwCake.SmsClient.Tests.Unit.Drivers.LogTest" assertions="1" time="0.000076"/>
        <testcase name="testReturnsTheDriverName" file="/var/www/html/tests/Unit/Drivers/LogTest.php" line="30" class="DejwCake\SmsClient\Tests\Unit\Drivers\LogTest" classname="DejwCake.SmsClient.Tests.Unit.Drivers.LogTest" assertions="1" time="0.000048"/>
        <testcase name="testReturnsTheDriverEndpoint" file="/var/www/html/tests/Unit/Drivers/LogTest.php" line="37" class="DejwCake\SmsClient\Tests\Unit\Drivers\LogTest" classname="DejwCake.SmsClient.Tests.Unit.Drivers.LogTest" assertions="1" time="0.000043"/>
        <testcase name="testSendsTheRequestAndLogs" file="/var/www/html/tests/Unit/Drivers/LogTest.php" line="44" class="DejwCake\SmsClient\Tests\Unit\Drivers\LogTest" classname="DejwCake.SmsClient.Tests.Unit.Drivers.LogTest" assertions="4" time="0.000350"/>
      </testsuite>
      <testsuite name="DejwCake\SmsClient\Tests\Unit\Drivers\MailTest" file="/var/www/html/tests/Unit/Drivers/MailTest.php" tests="6" assertions="9" errors="0" failures="0" skipped="0" time="0.000533">
        <testcase name="testIsInitializable" file="/var/www/html/tests/Unit/Drivers/MailTest.php" line="17" class="DejwCake\SmsClient\Tests\Unit\Drivers\MailTest" classname="DejwCake.SmsClient.Tests.Unit.Drivers.MailTest" assertions="1" time="0.000217"/>
        <testcase name="testImplementsInterface" file="/var/www/html/tests/Unit/Drivers/MailTest.php" line="24" class="DejwCake\SmsClient\Tests\Unit\Drivers\MailTest" classname="DejwCake.SmsClient.Tests.Unit.Drivers.MailTest" assertions="1" time="0.000063"/>
        <testcase name="testThrowsExceptionIfMisconfigured" file="/var/www/html/tests/Unit/Drivers/MailTest.php" line="31" class="DejwCake\SmsClient\Tests\Unit\Drivers\MailTest" classname="DejwCake.SmsClient.Tests.Unit.Drivers.MailTest" assertions="1" time="0.000054"/>
        <testcase name="testReturnsTheDriverName" file="/var/www/html/tests/Unit/Drivers/MailTest.php" line="38" class="DejwCake\SmsClient\Tests\Unit\Drivers\MailTest" classname="DejwCake.SmsClient.Tests.Unit.Drivers.MailTest" assertions="1" time="0.000042"/>
        <testcase name="testReturnsTheDriverEndpoint" file="/var/www/html/tests/Unit/Drivers/MailTest.php" line="45" class="DejwCake\SmsClient\Tests\Unit\Drivers\MailTest" classname="DejwCake.SmsClient.Tests.Unit.Drivers.MailTest" assertions="1" time="0.000040"/>
        <testcase name="testSendsTheRequest" file="/var/www/html/tests/Unit/Drivers/MailTest.php" line="52" class="DejwCake\SmsClient\Tests\Unit\Drivers\MailTest" classname="DejwCake.SmsClient.Tests.Unit.Drivers.MailTest" assertions="4" time="0.000118"/>
      </testsuite>
      <testsuite name="DejwCake\SmsClient\Tests\Unit\Drivers\NexmoTest" file="/var/www/html/tests/Unit/Drivers/NexmoTest.php" tests="12" assertions="12" errors="0" failures="0" skipped="0" time="0.001097">
        <testcase name="testIsInitializable" file="/var/www/html/tests/Unit/Drivers/NexmoTest.php" line="39" class="DejwCake\SmsClient\Tests\Unit\Drivers\NexmoTest" classname="DejwCake.SmsClient.Tests.Unit.Drivers.NexmoTest" assertions="1" time="0.000178"/>
        <testcase name="testImplementsInterface" file="/var/www/html/tests/Unit/Drivers/NexmoTest.php" line="47" class="DejwCake\SmsClient\Tests\Unit\Drivers\NexmoTest" classname="DejwCake.SmsClient.Tests.Unit.Drivers.NexmoTest" assertions="1" time="0.000065"/>
        <testcase name="testThrowsExceptionIfNoApiKey" file="/var/www/html/tests/Unit/Drivers/NexmoTest.php" line="55" class="DejwCake\SmsClient\Tests\Unit\Drivers\NexmoTest" classname="DejwCake.SmsClient.Tests.Unit.Drivers.NexmoTest" assertions="1" time="0.000055"/>
        <testcase name="testThrowsExceptionIfNoApiSecret" file="/var/www/html/tests/Unit/Drivers/NexmoTest.php" line="63" class="DejwCake\SmsClient\Tests\Unit\Drivers\NexmoTest" classname="DejwCake.SmsClient.Tests.Unit.Drivers.NexmoTest" assertions="1" time="0.000077"/>
        <testcase name="testReturnsTheDriverName" file="/var/www/html/tests/Unit/Drivers/NexmoTest.php" line="71" class="DejwCake\SmsClient\Tests\Unit\Drivers\NexmoTest" classname="DejwCake.SmsClient.Tests.Unit.Drivers.NexmoTest" assertions="1" time="0.000068"/>
        <testcase name="testReturnsTheDriverEndpoint" file="/var/www/html/tests/Unit/Drivers/NexmoTest.php" line="79" class="DejwCake\SmsClient\Tests\Unit\Drivers\NexmoTest" classname="DejwCake.SmsClient.Tests.Unit.Drivers.NexmoTest" assertions="1" time="0.000076"/>
        <testcase name="testSendsTheRequest" file="/var/www/html/tests/Unit/Drivers/NexmoTest.php" line="87" class="DejwCake\SmsClient\Tests\Unit\Drivers\NexmoTest" classname="DejwCake.SmsClient.Tests.Unit.Drivers.NexmoTest" assertions="1" time="0.000131"/>
        <testcase name="testThrowsClientExceptionOn400" file="/var/www/html/tests/Unit/Drivers/NexmoTest.php" line="108" class="DejwCake\SmsClient\Tests\Unit\Drivers\NexmoTest" classname="DejwCake.SmsClient.Tests.Unit.Drivers.NexmoTest" assertions="1" time="0.000109"/>
        <testcase name="testThrowsServerExceptionOn500" file="/var/www/html/tests/Unit/Drivers/NexmoTest.php" line="130" class="DejwCake\SmsClient\Tests\Unit\Drivers\NexmoTest" classname="DejwCake.SmsClient.Tests.Unit.Drivers.NexmoTest" assertions="1" time="0.000101"/>
        <testcase name="testThrowsRequestException" file="/var/www/html/tests/Unit/Drivers/NexmoTest.php" line="152" class="DejwCake\SmsClient\Tests\Unit\Drivers\NexmoTest" classname="DejwCake.SmsClient.Tests.Unit.Drivers.NexmoTest" assertions="1" time="0.000078"/>
        <testcase name="testThrowsConnectException" file="/var/www/html/tests/Unit/Drivers/NexmoTest.php" line="174" class="DejwCake\SmsClient\Tests\Unit\Drivers\NexmoTest" classname="DejwCake.SmsClient.Tests.Unit.Drivers.NexmoTest" assertions="1" time="0.000099"/>
        <testcase name="testEndpointCanBeOverriddenInConfig" file="/var/www/html/tests/Unit/Drivers/NexmoTest.php" line="196" class="DejwCake\SmsClient\Tests\Unit\Drivers\NexmoTest" classname="DejwCake.SmsClient.Tests.Unit.Drivers.NexmoTest" assertions="1" time="0.000061"/>
      </testsuite>
      <testsuite name="DejwCake\SmsClient\Tests\Unit\Drivers\NullDriverTest" file="/var/www/html/tests/Unit/Drivers/NullDriverTest.php" tests="5" assertions="5" errors="0" failures="0" skipped="0" time="0.000319">
        <testcase name="testIsInitializable" file="/var/www/html/tests/Unit/Drivers/NullDriverTest.php" line="22" class="DejwCake\SmsClient\Tests\Unit\Drivers\NullDriverTest" classname="DejwCake.SmsClient.Tests.Unit.Drivers.NullDriverTest" assertions="1" time="0.000110"/>
        <testcase name="testImplementsInterface" file="/var/www/html/tests/Unit/Drivers/NullDriverTest.php" line="30" class="DejwCake\SmsClient\Tests\Unit\Drivers\NullDriverTest" classname="DejwCake.SmsClient.Tests.Unit.Drivers.NullDriverTest" assertions="1" time="0.000049"/>
        <testcase name="testReturnsTheDriverName" file="/var/www/html/tests/Unit/Drivers/NullDriverTest.php" line="38" class="DejwCake\SmsClient\Tests\Unit\Drivers\NullDriverTest" classname="DejwCake.SmsClient.Tests.Unit.Drivers.NullDriverTest" assertions="1" time="0.000053"/>
        <testcase name="testReturnsTheDriverEndpoint" file="/var/www/html/tests/Unit/Drivers/NullDriverTest.php" line="46" class="DejwCake\SmsClient\Tests\Unit\Drivers\NullDriverTest" classname="DejwCake.SmsClient.Tests.Unit.Drivers.NullDriverTest" assertions="1" time="0.000044"/>
        <testcase name="testSendsTheRequest" file="/var/www/html/tests/Unit/Drivers/NullDriverTest.php" line="54" class="DejwCake\SmsClient\Tests\Unit\Drivers\NullDriverTest" classname="DejwCake.SmsClient.Tests.Unit.Drivers.NullDriverTest" assertions="1" time="0.000063"/>
      </testsuite>
      <testsuite name="DejwCake\SmsClient\Tests\Unit\Drivers\O2SKTest" file="/var/www/html/tests/Unit/Drivers/O2SKTest.php" tests="11" assertions="11" errors="0" failures="0" skipped="0" time="0.000832">
        <testcase name="testIsInitializable" file="/var/www/html/tests/Unit/Drivers/O2SKTest.php" line="35" class="DejwCake\SmsClient\Tests\Unit\Drivers\O2SKTest" classname="DejwCake.SmsClient.Tests.Unit.Drivers.O2SKTest" assertions="1" time="0.000144"/>
        <testcase name="testImplementsInterface" file="/var/www/html/tests/Unit/Drivers/O2SKTest.php" line="42" class="DejwCake\SmsClient\Tests\Unit\Drivers\O2SKTest" classname="DejwCake.SmsClient.Tests.Unit.Drivers.O2SKTest" assertions="1" time="0.000051"/>
        <testcase name="testThrowsExceptionIfApiKeyMissing" file="/var/www/html/tests/Unit/Drivers/O2SKTest.php" line="49" class="DejwCake\SmsClient\Tests\Unit\Drivers\O2SKTest" classname="DejwCake.SmsClient.Tests.Unit.Drivers.O2SKTest" assertions="1" time="0.000047"/>
        <testcase name="testReturnsTheDriverName" file="/var/www/html/tests/Unit/Drivers/O2SKTest.php" line="56" class="DejwCake\SmsClient\Tests\Unit\Drivers\O2SKTest" classname="DejwCake.SmsClient.Tests.Unit.Drivers.O2SKTest" assertions="1" time="0.000041"/>
        <testcase name="testReturnsTheDriverEndpoint" file="/var/www/html/tests/Unit/Drivers/O2SKTest.php" line="63" class="DejwCake\SmsClient\Tests\Unit\Drivers\O2SKTest" classname="DejwCake.SmsClient.Tests.Unit.Drivers.O2SKTest" assertions="1" time="0.000065"/>
        <testcase name="testSendsTheRequest" file="/var/www/html/tests/Unit/Drivers/O2SKTest.php" line="70" class="DejwCake\SmsClient\Tests\Unit\Drivers\O2SKTest" classname="DejwCake.SmsClient.Tests.Unit.Drivers.O2SKTest" assertions="1" time="0.000111"/>
        <testcase name="testThrowsClientExceptionOn400" file="/var/www/html/tests/Unit/Drivers/O2SKTest.php" line="90" class="DejwCake\SmsClient\Tests\Unit\Drivers\O2SKTest" classname="DejwCake.SmsClient.Tests.Unit.Drivers.O2SKTest" assertions="1" time="0.000079"/>
        <testcase name="testThrowsServerExceptionOn500" file="/var/www/html/tests/Unit/Drivers/O2SKTest.php" line="111" class="DejwCake\SmsClient\Tests\Unit\Drivers\O2SKTest" classname="DejwCake.SmsClient.Tests.Unit.Drivers.O2SKTest" assertions="1" time="0.000104"/>
        <testcase name="testThrowsRequestException" file="/var/www/html/tests/Unit/Drivers/O2SKTest.php" line="132" class="DejwCake\SmsClient\Tests\Unit\Drivers\O2SKTest" classname="DejwCake.SmsClient.Tests.Unit.Drivers.O2SKTest" assertions="1" time="0.000074"/>
        <testcase name="testThrowsConnectException" file="/var/www/html/tests/Unit/Drivers/O2SKTest.php" line="153" class="DejwCake\SmsClient\Tests\Unit\Drivers\O2SKTest" classname="DejwCake.SmsClient.Tests.Unit.Drivers.O2SKTest" assertions="1" time="0.000068"/>
        <testcase name="testEndpointCanBeOverriddenInConfig" file="/var/www/html/tests/Unit/Drivers/O2SKTest.php" line="174" class="DejwCake\SmsClient\Tests\Unit\Drivers\O2SKTest" classname="DejwCake.SmsClient.Tests.Unit.Drivers.O2SKTest" assertions="1" time="0.000049"/>
      </testsuite>
      <testsuite name="DejwCake\SmsClient\Tests\Unit\Drivers\RequestBinTest" file="/var/www/html/tests/Unit/Drivers/RequestBinTest.php" tests="11" assertions="11" errors="0" failures="0" skipped="0" time="0.000798">
        <testcase name="testIsInitializable" file="/var/www/html/tests/Unit/Drivers/RequestBinTest.php" line="38" class="DejwCake\SmsClient\Tests\Unit\Drivers\RequestBinTest" classname="DejwCake.SmsClient.Tests.Unit.Drivers.RequestBinTest" assertions="1" time="0.000116"/>
        <testcase name="testImplementsInterface" file="/var/www/html/tests/Unit/Drivers/RequestBinTest.php" line="46" class="DejwCake\SmsClient\Tests\Unit\Drivers\RequestBinTest" classname="DejwCake.SmsClient.Tests.Unit.Drivers.RequestBinTest" assertions="1" time="0.000049"/>
        <testcase name="testThrowsExceptionIfMisconfigured" file="/var/www/html/tests/Unit/Drivers/RequestBinTest.php" line="54" class="DejwCake\SmsClient\Tests\Unit\Drivers\RequestBinTest" classname="DejwCake.SmsClient.Tests.Unit.Drivers.RequestBinTest" assertions="1" time="0.000048"/>
        <testcase name="testReturnsTheDriverName" file="/var/www/html/tests/Unit/Drivers/RequestBinTest.php" line="62" class="DejwCake\SmsClient\Tests\Unit\Drivers\RequestBinTest" classname="DejwCake.SmsClient.Tests.Unit.Drivers.RequestBinTest" assertions="1" time="0.000063"/>
        <testcase name="testReturnsTheDriverEndpoint" file="/var/www/html/tests/Unit/Drivers/RequestBinTest.php" line="70" class="DejwCake\SmsClient\Tests\Unit\Drivers\RequestBinTest" classname="DejwCake.SmsClient.Tests.Unit.Drivers.RequestBinTest" assertions="1" time="0.000065"/>
        <testcase name="testSendsTheRequest" file="/var/www/html/tests/Unit/Drivers/RequestBinTest.php" line="78" class="DejwCake\SmsClient\Tests\Unit\Drivers\RequestBinTest" classname="DejwCake.SmsClient.Tests.Unit.Drivers.RequestBinTest" assertions="1" time="0.000074"/>
        <testcase name="testThrowsClientExceptionOn400" file="/var/www/html/tests/Unit/Drivers/RequestBinTest.php" line="94" class="DejwCake\SmsClient\Tests\Unit\Drivers\RequestBinTest" classname="DejwCake.SmsClient.Tests.Unit.Drivers.RequestBinTest" assertions="1" time="0.000108"/>
        <testcase name="testThrowsServerExceptionOn500" file="/var/www/html/tests/Unit/Drivers/RequestBinTest.php" line="111" class="DejwCake\SmsClient\Tests\Unit\Drivers\RequestBinTest" classname="DejwCake.SmsClient.Tests.Unit.Drivers.RequestBinTest" assertions="1" time="0.000082"/>
        <testcase name="testThrowsRequestException" file="/var/www/html/tests/Unit/Drivers/RequestBinTest.php" line="128" class="DejwCake\SmsClient\Tests\Unit\Drivers\RequestBinTest" classname="DejwCake.SmsClient.Tests.Unit.Drivers.RequestBinTest" assertions="1" time="0.000070"/>
        <testcase name="testThrowsConnectException" file="/var/www/html/tests/Unit/Drivers/RequestBinTest.php" line="145" class="DejwCake\SmsClient\Tests\Unit\Drivers\RequestBinTest" classname="DejwCake.SmsClient.Tests.Unit.Drivers.RequestBinTest" assertions="1" time="0.000069"/>
        <testcase name="testEndpointCanBeOverriddenInConfig" file="/var/www/html/tests/Unit/Drivers/RequestBinTest.php" line="162" class="DejwCake\SmsClient\Tests\Unit\Drivers\RequestBinTest" classname="DejwCake.SmsClient.Tests.Unit.Drivers.RequestBinTest" assertions="1" time="0.000053"/>
      </testsuite>
      <testsuite name="DejwCake\SmsClient\Tests\Unit\Drivers\TextLocalTest" file="/var/www/html/tests/Unit/Drivers/TextLocalTest.php" tests="11" assertions="11" errors="0" failures="0" skipped="0" time="0.000914">
        <testcase name="testIsInitializable" file="/var/www/html/tests/Unit/Drivers/TextLocalTest.php" line="38" class="DejwCake\SmsClient\Tests\Unit\Drivers\TextLocalTest" classname="DejwCake.SmsClient.Tests.Unit.Drivers.TextLocalTest" assertions="1" time="0.000138"/>
        <testcase name="testImplementsInterface" file="/var/www/html/tests/Unit/Drivers/TextLocalTest.php" line="46" class="DejwCake\SmsClient\Tests\Unit\Drivers\TextLocalTest" classname="DejwCake.SmsClient.Tests.Unit.Drivers.TextLocalTest" assertions="1" time="0.000068"/>
        <testcase name="testThrowsExceptionIfMisconfigured" file="/var/www/html/tests/Unit/Drivers/TextLocalTest.php" line="54" class="DejwCake\SmsClient\Tests\Unit\Drivers\TextLocalTest" classname="DejwCake.SmsClient.Tests.Unit.Drivers.TextLocalTest" assertions="1" time="0.000050"/>
        <testcase name="testReturnsTheDriverName" file="/var/www/html/tests/Unit/Drivers/TextLocalTest.php" line="62" class="DejwCake\SmsClient\Tests\Unit\Drivers\TextLocalTest" classname="DejwCake.SmsClient.Tests.Unit.Drivers.TextLocalTest" assertions="1" time="0.000046"/>
        <testcase name="testReturnsTheDriverEndpoint" file="/var/www/html/tests/Unit/Drivers/TextLocalTest.php" line="70" class="DejwCake\SmsClient\Tests\Unit\Drivers\TextLocalTest" classname="DejwCake.SmsClient.Tests.Unit.Drivers.TextLocalTest" assertions="1" time="0.000044"/>
        <testcase name="testSendsTheRequest" file="/var/www/html/tests/Unit/Drivers/TextLocalTest.php" line="78" class="DejwCake\SmsClient\Tests\Unit\Drivers\TextLocalTest" classname="DejwCake.SmsClient.Tests.Unit.Drivers.TextLocalTest" assertions="1" time="0.000087"/>
        <testcase name="testThrowsClientExceptionOn400" file="/var/www/html/tests/Unit/Drivers/TextLocalTest.php" line="98" class="DejwCake\SmsClient\Tests\Unit\Drivers\TextLocalTest" classname="DejwCake.SmsClient.Tests.Unit.Drivers.TextLocalTest" assertions="1" time="0.000098"/>
        <testcase name="testThrowsServerExceptionOn500" file="/var/www/html/tests/Unit/Drivers/TextLocalTest.php" line="119" class="DejwCake\SmsClient\Tests\Unit\Drivers\TextLocalTest" classname="DejwCake.SmsClient.Tests.Unit.Drivers.TextLocalTest" assertions="1" time="0.000097"/>
        <testcase name="testThrowsRequestException" file="/var/www/html/tests/Unit/Drivers/TextLocalTest.php" line="140" class="DejwCake\SmsClient\Tests\Unit\Drivers\TextLocalTest" classname="DejwCake.SmsClient.Tests.Unit.Drivers.TextLocalTest" assertions="1" time="0.000097"/>
        <testcase name="testThrowsConnectException" file="/var/www/html/tests/Unit/Drivers/TextLocalTest.php" line="161" class="DejwCake\SmsClient\Tests\Unit\Drivers\TextLocalTest" classname="DejwCake.SmsClient.Tests.Unit.Drivers.TextLocalTest" assertions="1" time="0.000108"/>
        <testcase name="testEndpointCanBeOverriddenInConfig" file="/var/www/html/tests/Unit/Drivers/TextLocalTest.php" line="182" class="DejwCake\SmsClient\Tests\Unit\Drivers\TextLocalTest" classname="DejwCake.SmsClient.Tests.Unit.Drivers.TextLocalTest" assertions="1" time="0.000083"/>
      </testsuite>
      <testsuite name="DejwCake\SmsClient\Tests\Unit\Drivers\TwilioTest" file="/var/www/html/tests/Unit/Drivers/TwilioTest.php" tests="12" assertions="12" errors="0" failures="0" skipped="0" time="0.000956">
        <testcase name="testIsInitializable" file="/var/www/html/tests/Unit/Drivers/TwilioTest.php" line="39" class="DejwCake\SmsClient\Tests\Unit\Drivers\TwilioTest" classname="DejwCake.SmsClient.Tests.Unit.Drivers.TwilioTest" assertions="1" time="0.000122"/>
        <testcase name="testImplementsInterface" file="/var/www/html/tests/Unit/Drivers/TwilioTest.php" line="47" class="DejwCake\SmsClient\Tests\Unit\Drivers\TwilioTest" classname="DejwCake.SmsClient.Tests.Unit.Drivers.TwilioTest" assertions="1" time="0.000075"/>
        <testcase name="testThrowsExceptionIfAccountIdMissing" file="/var/www/html/tests/Unit/Drivers/TwilioTest.php" line="55" class="DejwCake\SmsClient\Tests\Unit\Drivers\TwilioTest" classname="DejwCake.SmsClient.Tests.Unit.Drivers.TwilioTest" assertions="1" time="0.000064"/>
        <testcase name="testThrowsExceptionIfApiTokenMissing" file="/var/www/html/tests/Unit/Drivers/TwilioTest.php" line="63" class="DejwCake\SmsClient\Tests\Unit\Drivers\TwilioTest" classname="DejwCake.SmsClient.Tests.Unit.Drivers.TwilioTest" assertions="1" time="0.000048"/>
        <testcase name="testReturnsTheDriverName" file="/var/www/html/tests/Unit/Drivers/TwilioTest.php" line="71" class="DejwCake\SmsClient\Tests\Unit\Drivers\TwilioTest" classname="DejwCake.SmsClient.Tests.Unit.Drivers.TwilioTest" assertions="1" time="0.000044"/>
        <testcase name="testReturnsTheDriverEndpoint" file="/var/www/html/tests/Unit/Drivers/TwilioTest.php" line="79" class="DejwCake\SmsClient\Tests\Unit\Drivers\TwilioTest" classname="DejwCake.SmsClient.Tests.Unit.Drivers.TwilioTest" assertions="1" time="0.000064"/>
        <testcase name="testSendsTheRequest" file="/var/www/html/tests/Unit/Drivers/TwilioTest.php" line="90" class="DejwCake\SmsClient\Tests\Unit\Drivers\TwilioTest" classname="DejwCake.SmsClient.Tests.Unit.Drivers.TwilioTest" assertions="1" time="0.000103"/>
        <testcase name="testThrowsClientExceptionOn400" file="/var/www/html/tests/Unit/Drivers/TwilioTest.php" line="111" class="DejwCake\SmsClient\Tests\Unit\Drivers\TwilioTest" classname="DejwCake.SmsClient.Tests.Unit.Drivers.TwilioTest" assertions="1" time="0.000104"/>
        <testcase name="testThrowsServerExceptionOn500" file="/var/www/html/tests/Unit/Drivers/TwilioTest.php" line="133" class="DejwCake\SmsClient\Tests\Unit\Drivers\TwilioTest" classname="DejwCake.SmsClient.Tests.Unit.Drivers.TwilioTest" assertions="1" time="0.000079"/>
        <testcase name="testThrowsRequestException" file="/var/www/html/tests/Unit/Drivers/TwilioTest.php" line="155" class="DejwCake\SmsClient\Tests\Unit\Drivers\TwilioTest" classname="DejwCake.SmsClient.Tests.Unit.Drivers.TwilioTest" assertions="1" time="0.000099"/>
        <testcase name="testThrowsConnectException" file="/var/www/html/tests/Unit/Drivers/TwilioTest.php" line="177" class="DejwCake\SmsClient\Tests\Unit\Drivers\TwilioTest" classname="DejwCake.SmsClient.Tests.Unit.Drivers.TwilioTest" assertions="1" time="0.000098"/>
        <testcase name="testEndpointCanBeOverriddenInConfig" file="/var/www/html/tests/Unit/Drivers/TwilioTest.php" line="199" class="DejwCake\SmsClient\Tests\Unit\Drivers\TwilioTest" classname="DejwCake.SmsClient.Tests.Unit.Drivers.TwilioTest" assertions="1" time="0.000056"/>
      </testsuite>
      <testsuite name="DejwCake\SmsClient\Tests\Unit\Exceptions\ClientExceptionTest" file="/var/www/html/tests/Unit/Exceptions/ClientExceptionTest.php" tests="2" assertions="2" errors="0" failures="0" skipped="0" time="0.000097">
        <testcase name="testIsInitializable" file="/var/www/html/tests/Unit/Exceptions/ClientExceptionTest.php" line="13" class="DejwCake\SmsClient\Tests\Unit\Exceptions\ClientExceptionTest" classname="DejwCake.SmsClient.Tests.Unit.Exceptions.ClientExceptionTest" assertions="1" time="0.000058"/>
        <testcase name="testIsThrowable" file="/var/www/html/tests/Unit/Exceptions/ClientExceptionTest.php" line="19" class="DejwCake\SmsClient\Tests\Unit\Exceptions\ClientExceptionTest" classname="DejwCake.SmsClient.Tests.Unit.Exceptions.ClientExceptionTest" assertions="1" time="0.000040"/>
      </testsuite>
      <testsuite name="DejwCake\SmsClient\Tests\Unit\Exceptions\ConnectExceptionTest" file="/var/www/html/tests/Unit/Exceptions/ConnectExceptionTest.php" tests="2" assertions="2" errors="0" failures="0" skipped="0" time="0.000129">
        <testcase name="testIsInitializable" file="/var/www/html/tests/Unit/Exceptions/ConnectExceptionTest.php" line="13" class="DejwCake\SmsClient\Tests\Unit\Exceptions\ConnectExceptionTest" classname="DejwCake.SmsClient.Tests.Unit.Exceptions.ConnectExceptionTest" assertions="1" time="0.000075"/>
        <testcase name="testIsThrowable" file="/var/www/html/tests/Unit/Exceptions/ConnectExceptionTest.php" line="19" class="DejwCake\SmsClient\Tests\Unit\Exceptions\ConnectExceptionTest" classname="DejwCake.SmsClient.Tests.Unit.Exceptions.ConnectExceptionTest" assertions="1" time="0.000053"/>
      </testsuite>
      <testsuite name="DejwCake\SmsClient\Tests\Unit\Exceptions\DriverNotConfiguredExceptionTest" file="/var/www/html/tests/Unit/Exceptions/DriverNotConfiguredExceptionTest.php" tests="2" assertions="2" errors="0" failures="0" skipped="0" time="0.000099">
        <testcase name="testIsInitializable" file="/var/www/html/tests/Unit/Exceptions/DriverNotConfiguredExceptionTest.php" line="13" class="DejwCake\SmsClient\Tests\Unit\Exceptions\DriverNotConfiguredExceptionTest" classname="DejwCake.SmsClient.Tests.Unit.Exceptions.DriverNotConfiguredExceptionTest" assertions="1" time="0.000043"/>
        <testcase name="testIsThrowable" file="/var/www/html/tests/Unit/Exceptions/DriverNotConfiguredExceptionTest.php" line="19" class="DejwCake\SmsClient\Tests\Unit\Exceptions\DriverNotConfiguredExceptionTest" classname="DejwCake.SmsClient.Tests.Unit.Exceptions.DriverNotConfiguredExceptionTest" assertions="1" time="0.000056"/>
      </testsuite>
      <testsuite name="DejwCake\SmsClient\Tests\Unit\Exceptions\RequestExceptionTest" file="/var/www/html/tests/Unit/Exceptions/RequestExceptionTest.php" tests="2" assertions="2" errors="0" failures="0" skipped="0" time="0.000107">
        <testcase name="testIsInitializable" file="/var/www/html/tests/Unit/Exceptions/RequestExceptionTest.php" line="13" class="DejwCake\SmsClient\Tests\Unit\Exceptions\RequestExceptionTest" classname="DejwCake.SmsClient.Tests.Unit.Exceptions.RequestExceptionTest" assertions="1" time="0.000053"/>
        <testcase name="testIsThrowable" file="/var/www/html/tests/Unit/Exceptions/RequestExceptionTest.php" line="19" class="DejwCake\SmsClient\Tests\Unit\Exceptions\RequestExceptionTest" classname="DejwCake.SmsClient.Tests.Unit.Exceptions.RequestExceptionTest" assertions="1" time="0.000054"/>
      </testsuite>
      <testsuite name="DejwCake\SmsClient\Tests\Unit\Exceptions\ServerExceptionTest" file="/var/www/html/tests/Unit/Exceptions/ServerExceptionTest.php" tests="2" assertions="2" errors="0" failures="0" skipped="0" time="0.000078">
        <testcase name="testIsInitializable" file="/var/www/html/tests/Unit/Exceptions/ServerExceptionTest.php" line="13" class="DejwCake\SmsClient\Tests\Unit\Exceptions\ServerExceptionTest" classname="DejwCake.SmsClient.Tests.Unit.Exceptions.ServerExceptionTest" assertions="1" time="0.000042"/>
        <testcase name="testIsThrowable" file="/var/www/html/tests/Unit/Exceptions/ServerExceptionTest.php" line="19" class="DejwCake\SmsClient\Tests\Unit\Exceptions\ServerExceptionTest" classname="DejwCake.SmsClient.Tests.Unit.Exceptions.ServerExceptionTest" assertions="1" time="0.000037"/>
      </testsuite>
    </testsuite>
  </testsuite>
</testsuites>
